<?xml version="1.0" encoding="UTF-8"?>
<!-- Generated by org.testng.reporters.JUnitXMLReporter -->
<testsuite hostname="LAPTOP-JEI8AS0O" ignored="0" name="Default test" tests="3" failures="0" timestamp="2020-02-23T14:47:46 EST" time="10.891" errors="0">
  <testcase name="loginWrongPassword" time="1.013" classname="testcases.TestCaseTwo"/>
  <testcase name="loginWrongUsername" time="4.298" classname="testcases.TestCaseTwo"/>
  <testcase name="loginWrongUsernameWrongPassword" time="0.239" classname="testcases.TestCaseTwo"/>
</testsuite> <!-- Default test -->
