<?xml version="1.0" encoding="UTF-8"?>
<!-- Generated by org.testng.reporters.JUnitXMLReporter -->
<testsuite hostname="LAPTOP-JEI8AS0O" ignored="0" name="Test" tests="6" failures="1" timestamp="2020-02-23T15:01:07 EST" time="46.068" errors="0">
  <testcase name="LogingSuccessful" time="2.943" classname="testcases.TestcaseOne"/>
  <testcase name="getListOfOptiononLeftPane" time="2.751" classname="testcases.TestcaseOne"/>
  <testcase name="getListofCards" time="0.001" classname="testcases.TestcaseOne"/>
  <testcase name="loginWrongPassword" time="0.718" classname="testcases.TestCaseTwo"/>
  <testcase name="loginWrongUsername" time="20.275" classname="testcases.TestCaseTwo">
    <failure type="java.lang.AssertionError">
      <![CDATA[java.lang.AssertionError
at org.junit.Assert.fail(Assert.java:86)
at org.junit.Assert.assertTrue(Assert.java:41)
at org.junit.Assert.assertTrue(Assert.java:52)
at testcases.TestCaseTwo.loginWrongUsername(TestCaseTwo.java:22)
at java.util.ArrayList.forEach(ArrayList.java:1257)
... Removed 27 stack frames]]>
    </failure>
  </testcase> <!-- loginWrongUsername -->
  <testcase name="loginWrongUsernameWrongPassword" time="0.229" classname="testcases.TestCaseTwo"/>
</testsuite> <!-- Test -->
